<?xml version="1.0" encoding="UTF-8"?>
<!-- Generated by org.testng.reporters.JUnitXMLReporter -->
<testsuite ignored="0" hostname="VidalLG" failures="0" tests="3" name="PageObjectModel" time="13.32" errors="0" timestamp="2023-05-20T11:01:13 CDT">
  <testcase classname="testcases.HomePageTest" name="verifyHomePageTitle" time="0.009"/>
  <testcase classname="testcases.HomePageTest" name="verifyUserName" time="0.054"/>
  <testcase classname="testcases.HomePageTest" name="verifyContactsButton" time="3.105"/>
</testsuite> <!-- PageObjectModel -->
