<?xml version="1.0" encoding="UTF-8"?>
<testng-results ignored="0" total="3" passed="3" failed="0" skipped="0">
  <reporter-output>
  </reporter-output>
  <suite started-at="2023-05-20T11:01:00 CDT" name="Default Suite" finished-at="2023-05-20T11:01:13 CDT" duration-ms="13320">
    <groups>
    </groups>
    <test started-at="2023-05-20T11:01:00 CDT" name="PageObjectModel" finished-at="2023-05-20T11:01:13 CDT" duration-ms="13320">
      <class name="testcases.HomePageTest">
        <test-method is-config="true" signature="setUp()[pri:0, instance:testcases.HomePageTest@59d016c9]" started-at="2023-05-20T11:01:00 CDT" name="setUp" finished-at="2023-05-20T11:01:10 CDT" duration-ms="10007" status="PASS">
          <reporter-output>
          </reporter-output>
        </test-method> <!-- setUp -->
        <test-method signature="verifyHomePageTitle()[pri:1, instance:testcases.HomePageTest@59d016c9]" started-at="2023-05-20T11:01:10 CDT" name="verifyHomePageTitle" finished-at="2023-05-20T11:01:10 CDT" duration-ms="9" status="PASS">
          <reporter-output>
          </reporter-output>
        </test-method> <!-- verifyHomePageTitle -->
        <test-method signature="verifyUserName()[pri:2, instance:testcases.HomePageTest@59d016c9]" started-at="2023-05-20T11:01:10 CDT" name="verifyUserName" finished-at="2023-05-20T11:01:10 CDT" duration-ms="54" status="PASS">
          <reporter-output>
          </reporter-output>
        </test-method> <!-- verifyUserName -->
        <test-method signature="verifyContactsButton()[pri:3, instance:testcases.HomePageTest@59d016c9]" started-at="2023-05-20T11:01:10 CDT" name="verifyContactsButton" finished-at="2023-05-20T11:01:13 CDT" duration-ms="3105" status="PASS">
          <reporter-output>
          </reporter-output>
        </test-method> <!-- verifyContactsButton -->
        <test-method is-config="true" signature="tearDown()[pri:0, instance:testcases.HomePageTest@59d016c9]" started-at="2023-05-20T11:01:13 CDT" name="tearDown" finished-at="2023-05-20T11:01:13 CDT" duration-ms="126" status="PASS">
          <reporter-output>
          </reporter-output>
        </test-method> <!-- tearDown -->
      </class> <!-- testcases.HomePageTest -->
    </test> <!-- PageObjectModel -->
  </suite> <!-- Default Suite -->
</testng-results>
